<?xml version="1.0" encoding="UTF-8"?>
<testng-results ignored="0" total="3" passed="3" failed="0" skipped="0">
  <reporter-output>
  </reporter-output>
  <suite started-at="2020-02-07T10:24:34 IST" name="DemoTest" finished-at="2020-02-07T10:24:43 IST" duration-ms="8791">
    <groups>
    </groups>
    <test started-at="2020-02-07T10:24:34 IST" name="testngTest" finished-at="2020-02-07T10:24:43 IST" duration-ms="8791">
      <class name="Assignment.Demo.PriceCheck">
        <test-method is-config="true" signature="launchdriver()[pri:0, instance:Assignment.Demo.PriceCheck@1deb2c43]" started-at="2020-02-07T10:24:30 IST" name="launchdriver" finished-at="2020-02-07T10:24:34 IST" duration-ms="4133" status="PASS">
          <reporter-output>
          </reporter-output>
        </test-method> <!-- launchdriver -->
        <test-method signature="gettingIphonePriceFromAmazon()[pri:0, instance:Assignment.Demo.PriceCheck@1deb2c43]" started-at="2020-02-07T10:24:34 IST" name="gettingIphonePriceFromAmazon" finished-at="2020-02-07T10:24:40 IST" duration-ms="5986" status="PASS">
          <reporter-output>
          </reporter-output>
        </test-method> <!-- gettingIphonePriceFromAmazon -->
        <test-method signature="gettingIphonePriceFromFlipkart()[pri:1, instance:Assignment.Demo.PriceCheck@1deb2c43]" started-at="2020-02-07T10:24:40 IST" name="gettingIphonePriceFromFlipkart" finished-at="2020-02-07T10:24:43 IST" duration-ms="2782" status="PASS">
          <reporter-output>
          </reporter-output>
        </test-method> <!-- gettingIphonePriceFromFlipkart -->
        <test-method signature="comparingIphonePriceAndDisplyingResult()[pri:2, instance:Assignment.Demo.PriceCheck@1deb2c43]" started-at="2020-02-07T10:24:43 IST" name="comparingIphonePriceAndDisplyingResult" finished-at="2020-02-07T10:24:43 IST" duration-ms="1" status="PASS">
          <reporter-output>
          </reporter-output>
        </test-method> <!-- comparingIphonePriceAndDisplyingResult -->
        <test-method is-config="true" signature="closedriver()[pri:0, instance:Assignment.Demo.PriceCheck@1deb2c43]" started-at="2020-02-07T10:24:43 IST" name="closedriver" finished-at="2020-02-07T10:24:43 IST" duration-ms="55" status="PASS">
          <reporter-output>
          </reporter-output>
        </test-method> <!-- closedriver -->
      </class> <!-- Assignment.Demo.PriceCheck -->
    </test> <!-- testngTest -->
  </suite> <!-- DemoTest -->
</testng-results>
