<?xml version="1.0" encoding="UTF-8"?>
<!-- Generated by org.testng.reporters.JUnitXMLReporter -->
<testsuite ignored="0" hostname="TALLYXBLR06" failures="0" tests="3" name="testngTest" time="8.791" errors="0" timestamp="2020-02-07T10:24:43 IST">
  <testcase classname="Assignment.Demo.PriceCheck" name="gettingIphonePriceFromAmazon" time="5.986"/>
  <testcase classname="Assignment.Demo.PriceCheck" name="gettingIphonePriceFromFlipkart" time="2.782"/>
  <testcase classname="Assignment.Demo.PriceCheck" name="comparingIphonePriceAndDisplyingResult" time="0.001"/>
</testsuite> <!-- testngTest -->
