<?xml version="1.0" encoding="UTF-8"?>
<!-- Generated by org.testng.reporters.JUnitXMLReporter -->
<testsuite ignored="0" hostname="TALLYXBLR06" failures="0" tests="3" name="testngTest" time="23.871" errors="0" timestamp="2020-02-06T23:36:51 IST">
  <testcase classname="Assignment.Demo.PriceCheck" name="gettingIphonePriceFromAmazon" time="16.276"/>
  <testcase classname="Assignment.Demo.PriceCheck" name="gettingIphonePriceFromFlipkart" time="7.567"/>
  <testcase classname="Assignment.Demo.PriceCheck" name="comparingIphonePriceAndDisplyingResult" time="0.001"/>
</testsuite> <!-- testngTest -->
